<?xml version="1.0" encoding="UTF-8"?>
<!-- Generated by org.testng.reporters.JUnitXMLReporter -->
<testsuite ignored="0" hostname="USABOS216396L" failures="0" tests="7" name="Default test" time="75.763" errors="0" timestamp="18 Oct 2018 23:55:37 GMT">
  <testcase classname="zeroBank.testcases.LoginPageTest" name="checkBoxVerify" time="0.178"/>
  <testcase classname="zeroBank.testcases.LoginPageTest" name="errorMessageOnInvalid" time="0.975"/>
  <testcase classname="zeroBank.testcases.LoginPageTest" name="hoverMessageIsDisplayed" time="0.158"/>
  <testcase classname="zeroBank.testcases.LoginPageTest" name="loginVerify" time="5.424"/>
  <testcase classname="zeroBank.testcases.LoginPageTest" name="verifyForgottenPasswordLink" time="0.52"/>
  <testcase classname="zeroBank.testcases.LoginPageTest" name="verifyLoginPageZeroLogo" time="0.069"/>
  <testcase classname="zeroBank.testcases.LoginPageTest" name="verifyLoginPagetitle" time="0.023"/>
</testsuite> <!-- Default test -->
