<?xml version="1.0" encoding="UTF-8"?>
<!-- Generated by org.testng.reporters.JUnitXMLReporter -->
<testsuite ignored="0" hostname="USABOS216396L" failures="0" tests="7" name="Default test" time="67.129" errors="0" timestamp="19 Oct 2018 00:21:48 GMT">
  <testcase classname="zeroBank.testcases.LoginPageTest" name="checkBoxVerify" time="0.197"/>
  <testcase classname="zeroBank.testcases.LoginPageTest" name="errorMessageOnInvalid" time="0.871"/>
  <testcase classname="zeroBank.testcases.LoginPageTest" name="hoverMessageIsDisplayed" time="0.216"/>
  <testcase classname="zeroBank.testcases.LoginPageTest" name="loginVerify" time="1.25"/>
  <testcase classname="zeroBank.testcases.LoginPageTest" name="verifyForgottenPasswordLink" time="0.465"/>
  <testcase classname="zeroBank.testcases.LoginPageTest" name="verifyLoginPageZeroLogo" time="0.058"/>
  <testcase classname="zeroBank.testcases.LoginPageTest" name="verifyLoginPagetitle" time="0.02"/>
</testsuite> <!-- Default test -->
