<?xml version="1.0" encoding="UTF-8"?>
<testng-results ignored="0" total="7" passed="7" failed="0" skipped="0">
  <reporter-output>
  </reporter-output>
  <suite started-at="2018-10-19T00:20:40Z" name="Default suite" finished-at="2018-10-19T00:21:48Z" duration-ms="67129">
    <groups>
    </groups>
    <test started-at="2018-10-19T00:20:40Z" name="Default test" finished-at="2018-10-19T00:21:48Z" duration-ms="67129">
      <class name="zeroBank.testcases.LoginPageTest">
        <test-method is-config="true" signature="setUp()[pri:0, instance:zeroBank.testcases.LoginPageTest@45ca843]" started-at="2018-10-19T00:20:40Z" name="setUp" finished-at="2018-10-19T00:20:48Z" duration-ms="7494" status="PASS">
          <reporter-output>
          </reporter-output>
        </test-method> <!-- setUp -->
        <test-method signature="checkBoxVerify()[pri:0, instance:zeroBank.testcases.LoginPageTest@45ca843]" started-at="2018-10-19T00:20:48Z" name="checkBoxVerify" finished-at="2018-10-19T00:20:48Z" duration-ms="197" status="PASS">
          <reporter-output>
          </reporter-output>
        </test-method> <!-- checkBoxVerify -->
        <test-method is-config="true" signature="tearDown()[pri:0, instance:zeroBank.testcases.LoginPageTest@45ca843]" started-at="2018-10-19T00:20:48Z" name="tearDown" finished-at="2018-10-19T00:20:49Z" duration-ms="734" status="PASS">
          <reporter-output>
          </reporter-output>
        </test-method> <!-- tearDown -->
        <test-method is-config="true" signature="setUp()[pri:0, instance:zeroBank.testcases.LoginPageTest@45ca843]" started-at="2018-10-19T00:20:49Z" name="setUp" finished-at="2018-10-19T00:20:56Z" duration-ms="7310" status="PASS">
          <reporter-output>
          </reporter-output>
        </test-method> <!-- setUp -->
        <test-method signature="errorMessageOnInvalid()[pri:0, instance:zeroBank.testcases.LoginPageTest@45ca843]" started-at="2018-10-19T00:20:56Z" name="errorMessageOnInvalid" finished-at="2018-10-19T00:20:57Z" duration-ms="871" status="PASS">
          <reporter-output>
          </reporter-output>
        </test-method> <!-- errorMessageOnInvalid -->
        <test-method is-config="true" signature="tearDown()[pri:0, instance:zeroBank.testcases.LoginPageTest@45ca843]" started-at="2018-10-19T00:20:57Z" name="tearDown" finished-at="2018-10-19T00:20:58Z" duration-ms="726" status="PASS">
          <reporter-output>
          </reporter-output>
        </test-method> <!-- tearDown -->
        <test-method is-config="true" signature="setUp()[pri:0, instance:zeroBank.testcases.LoginPageTest@45ca843]" started-at="2018-10-19T00:20:58Z" name="setUp" finished-at="2018-10-19T00:21:05Z" duration-ms="7211" status="PASS">
          <reporter-output>
          </reporter-output>
        </test-method> <!-- setUp -->
        <test-method signature="hoverMessageIsDisplayed()[pri:0, instance:zeroBank.testcases.LoginPageTest@45ca843]" started-at="2018-10-19T00:21:05Z" name="hoverMessageIsDisplayed" finished-at="2018-10-19T00:21:05Z" duration-ms="216" status="PASS">
          <reporter-output>
          </reporter-output>
        </test-method> <!-- hoverMessageIsDisplayed -->
        <test-method is-config="true" signature="tearDown()[pri:0, instance:zeroBank.testcases.LoginPageTest@45ca843]" started-at="2018-10-19T00:21:05Z" name="tearDown" finished-at="2018-10-19T00:21:06Z" duration-ms="757" status="PASS">
          <reporter-output>
          </reporter-output>
        </test-method> <!-- tearDown -->
        <test-method is-config="true" signature="setUp()[pri:0, instance:zeroBank.testcases.LoginPageTest@45ca843]" started-at="2018-10-19T00:21:06Z" name="setUp" finished-at="2018-10-19T00:21:14Z" duration-ms="7735" status="PASS">
          <reporter-output>
          </reporter-output>
        </test-method> <!-- setUp -->
        <test-method signature="loginVerify()[pri:0, instance:zeroBank.testcases.LoginPageTest@45ca843]" started-at="2018-10-19T00:21:14Z" name="loginVerify" finished-at="2018-10-19T00:21:15Z" duration-ms="1250" status="PASS">
          <reporter-output>
          </reporter-output>
        </test-method> <!-- loginVerify -->
        <test-method is-config="true" signature="tearDown()[pri:0, instance:zeroBank.testcases.LoginPageTest@45ca843]" started-at="2018-10-19T00:21:15Z" name="tearDown" finished-at="2018-10-19T00:21:16Z" duration-ms="716" status="PASS">
          <reporter-output>
          </reporter-output>
        </test-method> <!-- tearDown -->
        <test-method is-config="true" signature="setUp()[pri:0, instance:zeroBank.testcases.LoginPageTest@45ca843]" started-at="2018-10-19T00:21:16Z" name="setUp" finished-at="2018-10-19T00:21:24Z" duration-ms="8777" status="PASS">
          <reporter-output>
          </reporter-output>
        </test-method> <!-- setUp -->
        <test-method signature="verifyForgottenPasswordLink()[pri:0, instance:zeroBank.testcases.LoginPageTest@45ca843]" started-at="2018-10-19T00:21:24Z" name="verifyForgottenPasswordLink" finished-at="2018-10-19T00:21:25Z" duration-ms="465" status="PASS">
          <reporter-output>
          </reporter-output>
        </test-method> <!-- verifyForgottenPasswordLink -->
        <test-method is-config="true" signature="tearDown()[pri:0, instance:zeroBank.testcases.LoginPageTest@45ca843]" started-at="2018-10-19T00:21:25Z" name="tearDown" finished-at="2018-10-19T00:21:26Z" duration-ms="721" status="PASS">
          <reporter-output>
          </reporter-output>
        </test-method> <!-- tearDown -->
        <test-method is-config="true" signature="setUp()[pri:0, instance:zeroBank.testcases.LoginPageTest@45ca843]" started-at="2018-10-19T00:21:26Z" name="setUp" finished-at="2018-10-19T00:21:33Z" duration-ms="7328" status="PASS">
          <reporter-output>
          </reporter-output>
        </test-method> <!-- setUp -->
        <test-method signature="verifyLoginPageZeroLogo()[pri:0, instance:zeroBank.testcases.LoginPageTest@45ca843]" started-at="2018-10-19T00:21:33Z" name="verifyLoginPageZeroLogo" finished-at="2018-10-19T00:21:33Z" duration-ms="58" status="PASS">
          <reporter-output>
          </reporter-output>
        </test-method> <!-- verifyLoginPageZeroLogo -->
        <test-method is-config="true" signature="tearDown()[pri:0, instance:zeroBank.testcases.LoginPageTest@45ca843]" started-at="2018-10-19T00:21:33Z" name="tearDown" finished-at="2018-10-19T00:21:34Z" duration-ms="687" status="PASS">
          <reporter-output>
          </reporter-output>
        </test-method> <!-- tearDown -->
        <test-method is-config="true" signature="setUp()[pri:0, instance:zeroBank.testcases.LoginPageTest@45ca843]" started-at="2018-10-19T00:21:34Z" name="setUp" finished-at="2018-10-19T00:21:47Z" duration-ms="13087" status="PASS">
          <reporter-output>
          </reporter-output>
        </test-method> <!-- setUp -->
        <test-method signature="verifyLoginPagetitle()[pri:0, instance:zeroBank.testcases.LoginPageTest@45ca843]" started-at="2018-10-19T00:21:47Z" name="verifyLoginPagetitle" finished-at="2018-10-19T00:21:47Z" duration-ms="20" status="PASS">
          <reporter-output>
          </reporter-output>
        </test-method> <!-- verifyLoginPagetitle -->
        <test-method is-config="true" signature="tearDown()[pri:0, instance:zeroBank.testcases.LoginPageTest@45ca843]" started-at="2018-10-19T00:21:47Z" name="tearDown" finished-at="2018-10-19T00:21:47Z" duration-ms="734" status="PASS">
          <reporter-output>
          </reporter-output>
        </test-method> <!-- tearDown -->
      </class> <!-- zeroBank.testcases.LoginPageTest -->
    </test> <!-- Default test -->
  </suite> <!-- Default suite -->
</testng-results>
